<?xml version="1.0" encoding="UTF-8"?>
<!-- Generated by org.testng.reporters.JUnitReportReporter -->
<testsuite hostname="INBA-NB025" failures="0" tests="1" name="simplepro.Simpleclasstest" time="13.709" errors="0" timestamp="2023-08-29T08:11:51 IST" skipped="0">
  <testcase classname="simplepro.Simpleclasstest" name="m2" time="13.709"/>
  <system-out/>
</testsuite> <!-- simplepro.Simpleclasstest -->
